# JRE version: Java(TM) SE Runtime Environment (8.0_131-b11) (build 1.8.0_131-b11)
# Java VM: Java HotSpot(TM) 64-Bit Server VM (25.131-b11 mixed mode windows-amd64 compressed oops)
Heap:
 PSYoungGen      total 655360K, used 14316K [0x00000000d6000000, 0x0000000100000000, 0x0000000100000000)
  eden space 641024K, 0% used [0x00000000d6000000,0x00000000d6000000,0x00000000fd200000)
  from space 14336K, 99% used [0x00000000ff200000,0x00000000ffffb2a0,0x0000000100000000)
  to   space 23552K, 0% used [0x00000000fd200000,0x00000000fd200000,0x00000000fe900000)
 ParOldGen       total 95232K, used 71838K [0x0000000082000000, 0x0000000087d00000, 0x00000000d6000000)
  object space 95232K, 75% used [0x0000000082000000,0x0000000086627840,0x0000000087d00000)
 Metaspace       used 58783K, capacity 59956K, committed 60080K, reserved 1101824K
  class space    used 7583K, capacity 7809K, committed 7856K, reserved 1048576K
GC Heap History (10 events):
Event: 30.169 GC heap after
Heap after GC invocations=16 (full 2):
 PSYoungGen      total 587264K, used 7085K [0x00000000d6000000, 0x00000000fca80000, 0x0000000100000000)
  eden space 573440K, 0% used [0x00000000d6000000,0x00000000d6000000,0x00000000f9000000)
  from space 13824K, 51% used [0x00000000f9d00000,0x00000000fa3eb470,0x00000000faa80000)
  to   space 13312K, 0% used [0x00000000f9000000,0x00000000f9000000,0x00000000f9d00000)
 ParOldGen       total 95232K, used 35704K [0x0000000082000000, 0x0000000087d00000, 0x00000000d6000000)
  object space 95232K, 37% used [0x0000000082000000,0x00000000842de138,0x0000000087d00000)
 Metaspace       used 41307K, capacity 42058K, committed 42368K, reserved 1085440K
  class space    used 5502K, capacity 5654K, committed 5760K, reserved 1048576K
}
Event: 34.118 GC heap before
{Heap before GC invocations=17 (full 2):
 PSYoungGen      total 587264K, used 580525K [0x00000000d6000000, 0x00000000fca80000, 0x0000000100000000)
  eden space 573440K, 100% used [0x00000000d6000000,0x00000000f9000000,0x00000000f9000000)
  from space 13824K, 51% used [0x00000000f9d00000,0x00000000fa3eb470,0x00000000faa80000)
  to   space 13312K, 0% used [0x00000000f9000000,0x00000000f9000000,0x00000000f9d00000)
 ParOldGen       total 95232K, used 35704K [0x0000000082000000, 0x0000000087d00000, 0x00000000d6000000)
  object space 95232K, 37% used [0x0000000082000000,0x00000000842de138,0x0000000087d00000)
 Metaspace       used 42364K, capacity 43140K, committed 43264K, reserved 1087488K
  class space    used 5590K, capacity 5765K, committed 5888K, reserved 1048576K
Event: 34.142 GC heap after
Heap after GC invocations=17 (full 2):
 PSYoungGen      total 586752K, used 7762K [0x00000000d6000000, 0x00000000ffe80000, 0x0000000100000000)
  eden space 573440K, 0% used [0x00000000d6000000,0x00000000d6000000,0x00000000f9000000)
  from space 13312K, 58% used [0x00000000f9000000,0x00000000f9794be0,0x00000000f9d00000)
  to   space 12800K, 0% used [0x00000000ff200000,0x00000000ff200000,0x00000000ffe80000)
 ParOldGen       total 95232K, used 42076K [0x0000000082000000, 0x0000000087d00000, 0x00000000d6000000)
  object space 95232K, 44% used [0x0000000082000000,0x0000000084917198,0x0000000087d00000)
 Metaspace       used 42364K, capacity 43140K, committed 43264K, reserved 1087488K
  class space    used 5590K, capacity 5765K, committed 5888K, reserved 1048576K
}
Event: 37.141 GC heap before
{Heap before GC invocations=18 (full 2):
 PSYoungGen      total 586752K, used 581202K [0x00000000d6000000, 0x00000000ffe80000, 0x0000000100000000)
  eden space 573440K, 100% used [0x00000000d6000000,0x00000000f9000000,0x00000000f9000000)
  from space 13312K, 58% used [0x00000000f9000000,0x00000000f9794be0,0x00000000f9d00000)
  to   space 12800K, 0% used [0x00000000ff200000,0x00000000ff200000,0x00000000ffe80000)
 ParOldGen       total 95232K, used 42076K [0x0000000082000000, 0x0000000087d00000, 0x00000000d6000000)
  object space 95232K, 44% used [0x0000000082000000,0x0000000084917198,0x0000000087d00000)
 Metaspace       used 42891K, capacity 43620K, committed 43776K, reserved 1087488K
  class space    used 5641K, capacity 5797K, committed 5888K, reserved 1048576K
Event: 37.171 GC heap after
Heap after GC invocations=18 (full 2):
 PSYoungGen      total 673792K, used 6672K [0x00000000d6000000, 0x00000000fff80000, 0x0000000100000000)
  eden space 660992K, 0% used [0x00000000d6000000,0x00000000d6000000,0x00000000fe580000)
  from space 12800K, 52% used [0x00000000ff200000,0x00000000ff884010,0x00000000ffe80000)
  to   space 12800K, 0% used [0x00000000fe580000,0x00000000fe580000,0x00000000ff200000)
 ParOldGen       total 95232K, used 49592K [0x0000000082000000, 0x0000000087d00000, 0x00000000d6000000)
  object space 95232K, 52% used [0x0000000082000000,0x000000008506e278,0x0000000087d00000)
 Metaspace       used 42891K, capacity 43620K, committed 43776K, reserved 1087488K
  class space    used 5641K, capacity 5797K, committed 5888K, reserved 1048576K
}
Event: 46.053 GC heap before
{Heap before GC invocations=19 (full 2):
 PSYoungGen      total 673792K, used 667664K [0x00000000d6000000, 0x00000000fff80000, 0x0000000100000000)
  eden space 660992K, 100% used [0x00000000d6000000,0x00000000fe580000,0x00000000fe580000)
  from space 12800K, 52% used [0x00000000ff200000,0x00000000ff884010,0x00000000ffe80000)
  to   space 12800K, 0% used [0x00000000fe580000,0x00000000fe580000,0x00000000ff200000)
 ParOldGen       total 95232K, used 49592K [0x0000000082000000, 0x0000000087d00000, 0x00000000d6000000)
  object space 95232K, 52% used [0x0000000082000000,0x000000008506e278,0x0000000087d00000)
 Metaspace       used 48045K, capacity 48912K, committed 49152K, reserved 1091584K
  class space    used 6369K, capacity 6541K, committed 6656K, reserved 1048576K
Event: 46.101 GC heap after
Heap after GC invocations=19 (full 2):
 PSYoungGen      total 673792K, used 12768K [0x00000000d6000000, 0x0000000100000000, 0x0000000100000000)
  eden space 660992K, 0% used [0x00000000d6000000,0x00000000d6000000,0x00000000fe580000)
  from space 12800K, 99% used [0x00000000fe580000,0x00000000ff1f8020,0x00000000ff200000)
  to   space 14336K, 0% used [0x00000000ff200000,0x00000000ff200000,0x0000000100000000)
 ParOldGen       total 95232K, used 59790K [0x0000000082000000, 0x0000000087d00000, 0x00000000d6000000)
  object space 95232K, 62% used [0x0000000082000000,0x0000000085a63a48,0x0000000087d00000)
 Metaspace       used 48045K, capacity 48912K, committed 49152K, reserved 1091584K
  class space    used 6369K, capacity 6541K, committed 6656K, reserved 1048576K
}
Event: 101.192 GC heap before
{Heap before GC invocations=20 (full 2):
 PSYoungGen      total 673792K, used 636322K [0x00000000d6000000, 0x0000000100000000, 0x0000000100000000)
  eden space 660992K, 94% used [0x00000000d6000000,0x00000000fc0f09f0,0x00000000fe580000)
  from space 12800K, 99% used [0x00000000fe580000,0x00000000ff1f8020,0x00000000ff200000)
  to   space 14336K, 0% used [0x00000000ff200000,0x00000000ff200000,0x0000000100000000)
 ParOldGen       total 95232K, used 59790K [0x0000000082000000, 0x0000000087d00000, 0x00000000d6000000)
  object space 95232K, 62% used [0x0000000082000000,0x0000000085a63a48,0x0000000087d00000)
 Metaspace       used 58783K, capacity 59956K, committed 60080K, reserved 1101824K
  class space    used 7583K, capacity 7809K, committed 7856K, reserved 1048576K
Event: 101.225 GC heap after
Heap after GC invocations=20 (full 2):
 PSYoungGen      total 655360K, used 14316K [0x00000000d6000000, 0x0000000100000000, 0x0000000100000000)
  eden space 641024K, 0% used [0x00000000d6000000,0x00000000d6000000,0x00000000fd200000)
  from space 14336K, 99% used [0x00000000ff200000,0x00000000ffffb2a0,0x0000000100000000)
  to   space 23552K, 0% used [0x00000000fd200000,0x00000000fd200000,0x00000000fe900000)
 ParOldGen       total 95232K, used 71838K [0x0000000082000000, 0x0000000087d00000, 0x00000000d6000000)
  object space 95232K, 75% used [0x0000000082000000,0x0000000086627840,0x0000000087d00000)
 Metaspace       used 58783K, capacity 59956K, committed 60080K, reserved 1101824K
  class space    used 7583K, capacity 7809K, committed 7856K, reserved 1048576K
}
Event: 101.225 GC heap before
{Heap before GC invocations=21 (full 3):
 PSYoungGen      total 655360K, used 14316K [0x00000000d6000000, 0x0000000100000000, 0x0000000100000000)
  eden space 641024K, 0% used [0x00000000d6000000,0x00000000d6000000,0x00000000fd200000)
  from space 14336K, 99% used [0x00000000ff200000,0x00000000ffffb2a0,0x0000000100000000)
  to   space 23552K, 0% used [0x00000000fd200000,0x00000000fd200000,0x00000000fe900000)
 ParOldGen       total 95232K, used 71838K [0x0000000082000000, 0x0000000087d00000, 0x00000000d6000000)
  object space 95232K, 75% used [0x0000000082000000,0x0000000086627840,0x0000000087d00000)
 Metaspace       used 58783K, capacity 59956K, committed 60080K, reserved 1101824K
  class space    used 7583K, capacity 7809K, committed 7856K, reserved 1048576K

