# JRE version: Java(TM) SE Runtime Environment (8.0_131-b11) (build 1.8.0_131-b11)
# Java VM: Java HotSpot(TM) 64-Bit Server VM (25.131-b11 mixed mode windows-amd64 compressed oops)
Heap:
 PSYoungGen      total 89600K, used 4752K [0x00000000d6000000, 0x00000000dee80000, 0x0000000100000000)
  eden space 84480K, 0% used [0x00000000d6000000,0x00000000d6000000,0x00000000db280000)
  from space 5120K, 92% used [0x00000000dd780000,0x00000000ddc240f0,0x00000000ddc80000)
  to   space 14336K, 0% used [0x00000000de080000,0x00000000de080000,0x00000000dee80000)
 ParOldGen       total 80896K, used 16685K [0x0000000082000000, 0x0000000086f00000, 0x00000000d6000000)
  object space 80896K, 20% used [0x0000000082000000,0x000000008304b758,0x0000000086f00000)
 Metaspace       used 23911K, capacity 24544K, committed 24832K, reserved 1071104K
  class space    used 2800K, capacity 2987K, committed 3072K, reserved 1048576K
GC Heap History (10 events):
Event: 1.763 GC heap after
Heap after GC invocations=4 (full 0):
 PSYoungGen      total 70656K, used 5096K [0x00000000d6000000, 0x00000000daa00000, 0x0000000100000000)
  eden space 65536K, 0% used [0x00000000d6000000,0x00000000d6000000,0x00000000da000000)
  from space 5120K, 99% used [0x00000000da500000,0x00000000da9fa020,0x00000000daa00000)
  to   space 5120K, 0% used [0x00000000da000000,0x00000000da000000,0x00000000da500000)
 ParOldGen       total 86016K, used 6482K [0x0000000082000000, 0x0000000087400000, 0x00000000d6000000)
  object space 86016K, 7% used [0x0000000082000000,0x0000000082654890,0x0000000087400000)
 Metaspace       used 16106K, capacity 16470K, committed 16640K, reserved 1064960K
  class space    used 1963K, capacity 2047K, committed 2048K, reserved 1048576K
}
Event: 2.997 GC heap before
{Heap before GC invocations=5 (full 0):
 PSYoungGen      total 70656K, used 59092K [0x00000000d6000000, 0x00000000daa00000, 0x0000000100000000)
  eden space 65536K, 82% used [0x00000000d6000000,0x00000000d94bb198,0x00000000da000000)
  from space 5120K, 99% used [0x00000000da500000,0x00000000da9fa020,0x00000000daa00000)
  to   space 5120K, 0% used [0x00000000da000000,0x00000000da000000,0x00000000da500000)
 ParOldGen       total 86016K, used 6482K [0x0000000082000000, 0x0000000087400000, 0x00000000d6000000)
  object space 86016K, 7% used [0x0000000082000000,0x0000000082654890,0x0000000087400000)
 Metaspace       used 20787K, capacity 21178K, committed 21296K, reserved 1069056K
  class space    used 2522K, capacity 2639K, committed 2688K, reserved 1048576K
Event: 3.026 GC heap after
Heap after GC invocations=5 (full 0):
 PSYoungGen      total 70656K, used 5112K [0x00000000d6000000, 0x00000000dfc00000, 0x0000000100000000)
  eden space 65536K, 0% used [0x00000000d6000000,0x00000000d6000000,0x00000000da000000)
  from space 5120K, 99% used [0x00000000da000000,0x00000000da4fe030,0x00000000da500000)
  to   space 14336K, 0% used [0x00000000dee00000,0x00000000dee00000,0x00000000dfc00000)
 ParOldGen       total 86016K, used 16644K [0x0000000082000000, 0x0000000087400000, 0x00000000d6000000)
  object space 86016K, 19% used [0x0000000082000000,0x0000000083041048,0x0000000087400000)
 Metaspace       used 20787K, capacity 21178K, committed 21296K, reserved 1069056K
  class space    used 2522K, capacity 2639K, committed 2688K, reserved 1048576K
}
Event: 3.026 GC heap before
{Heap before GC invocations=6 (full 1):
 PSYoungGen      total 70656K, used 5112K [0x00000000d6000000, 0x00000000dfc00000, 0x0000000100000000)
  eden space 65536K, 0% used [0x00000000d6000000,0x00000000d6000000,0x00000000da000000)
  from space 5120K, 99% used [0x00000000da000000,0x00000000da4fe030,0x00000000da500000)
  to   space 14336K, 0% used [0x00000000dee00000,0x00000000dee00000,0x00000000dfc00000)
 ParOldGen       total 86016K, used 16644K [0x0000000082000000, 0x0000000087400000, 0x00000000d6000000)
  object space 86016K, 19% used [0x0000000082000000,0x0000000083041048,0x0000000087400000)
 Metaspace       used 20787K, capacity 21178K, committed 21296K, reserved 1069056K
  class space    used 2522K, capacity 2639K, committed 2688K, reserved 1048576K
Event: 3.152 GC heap after
Heap after GC invocations=6 (full 1):
 PSYoungGen      total 70656K, used 0K [0x00000000d6000000, 0x00000000dfc00000, 0x0000000100000000)
  eden space 65536K, 0% used [0x00000000d6000000,0x00000000d6000000,0x00000000da000000)
  from space 5120K, 0% used [0x00000000da000000,0x00000000da000000,0x00000000da500000)
  to   space 14336K, 0% used [0x00000000dee00000,0x00000000dee00000,0x00000000dfc00000)
 ParOldGen       total 80896K, used 16669K [0x0000000082000000, 0x0000000086f00000, 0x00000000d6000000)
  object space 80896K, 20% used [0x0000000082000000,0x0000000083047758,0x0000000086f00000)
 Metaspace       used 20787K, capacity 21178K, committed 21296K, reserved 1069056K
  class space    used 2522K, capacity 2639K, committed 2688K, reserved 1048576K
}
Event: 4.810 GC heap before
{Heap before GC invocations=7 (full 1):
 PSYoungGen      total 70656K, used 65536K [0x00000000d6000000, 0x00000000dfc00000, 0x0000000100000000)
  eden space 65536K, 100% used [0x00000000d6000000,0x00000000da000000,0x00000000da000000)
  from space 5120K, 0% used [0x00000000da000000,0x00000000da000000,0x00000000da500000)
  to   space 14336K, 0% used [0x00000000dee00000,0x00000000dee00000,0x00000000dfc00000)
 ParOldGen       total 80896K, used 16669K [0x0000000082000000, 0x0000000086f00000, 0x00000000d6000000)
  object space 80896K, 20% used [0x0000000082000000,0x0000000083047758,0x0000000086f00000)
 Metaspace       used 23540K, capacity 24072K, committed 24192K, reserved 1071104K
  class space    used 2767K, capacity 2915K, committed 2944K, reserved 1048576K
Event: 4.818 GC heap after
Heap after GC invocations=7 (full 1):
 PSYoungGen      total 90112K, used 5426K [0x00000000d6000000, 0x00000000df380000, 0x0000000100000000)
  eden space 84480K, 0% used [0x00000000d6000000,0x00000000d6000000,0x00000000db280000)
  from space 5632K, 96% used [0x00000000dee00000,0x00000000df34c970,0x00000000df380000)
  to   space 14336K, 0% used [0x00000000dd780000,0x00000000dd780000,0x00000000de580000)
 ParOldGen       total 80896K, used 16677K [0x0000000082000000, 0x0000000086f00000, 0x00000000d6000000)
  object space 80896K, 20% used [0x0000000082000000,0x0000000083049758,0x0000000086f00000)
 Metaspace       used 23540K, capacity 24072K, committed 24192K, reserved 1071104K
  class space    used 2767K, capacity 2915K, committed 2944K, reserved 1048576K
}
Event: 4.960 GC heap before
{Heap before GC invocations=8 (full 1):
 PSYoungGen      total 90112K, used 12194K [0x00000000d6000000, 0x00000000df380000, 0x0000000100000000)
  eden space 84480K, 8% used [0x00000000d6000000,0x00000000d669c168,0x00000000db280000)
  from space 5632K, 96% used [0x00000000dee00000,0x00000000df34c970,0x00000000df380000)
  to   space 14336K, 0% used [0x00000000dd780000,0x00000000dd780000,0x00000000de580000)
 ParOldGen       total 80896K, used 16677K [0x0000000082000000, 0x0000000086f00000, 0x00000000d6000000)
  object space 80896K, 20% used [0x0000000082000000,0x0000000083049758,0x0000000086f00000)
 Metaspace       used 23911K, capacity 24544K, committed 24832K, reserved 1071104K
  class space    used 2800K, capacity 2987K, committed 3072K, reserved 1048576K
Event: 4.974 GC heap after
Heap after GC invocations=8 (full 1):
 PSYoungGen      total 89600K, used 4752K [0x00000000d6000000, 0x00000000dee80000, 0x0000000100000000)
  eden space 84480K, 0% used [0x00000000d6000000,0x00000000d6000000,0x00000000db280000)
  from space 5120K, 92% used [0x00000000dd780000,0x00000000ddc240f0,0x00000000ddc80000)
  to   space 14336K, 0% used [0x00000000de080000,0x00000000de080000,0x00000000dee80000)
 ParOldGen       total 80896K, used 16685K [0x0000000082000000, 0x0000000086f00000, 0x00000000d6000000)
  object space 80896K, 20% used [0x0000000082000000,0x000000008304b758,0x0000000086f00000)
 Metaspace       used 23911K, capacity 24544K, committed 24832K, reserved 1071104K
  class space    used 2800K, capacity 2987K, committed 3072K, reserved 1048576K
}
Event: 4.974 GC heap before
{Heap before GC invocations=9 (full 2):
 PSYoungGen      total 89600K, used 4752K [0x00000000d6000000, 0x00000000dee80000, 0x0000000100000000)
  eden space 84480K, 0% used [0x00000000d6000000,0x00000000d6000000,0x00000000db280000)
  from space 5120K, 92% used [0x00000000dd780000,0x00000000ddc240f0,0x00000000ddc80000)
  to   space 14336K, 0% used [0x00000000de080000,0x00000000de080000,0x00000000dee80000)
 ParOldGen       total 80896K, used 16685K [0x0000000082000000, 0x0000000086f00000, 0x00000000d6000000)
  object space 80896K, 20% used [0x0000000082000000,0x000000008304b758,0x0000000086f00000)
 Metaspace       used 23911K, capacity 24544K, committed 24832K, reserved 1071104K
  class space    used 2800K, capacity 2987K, committed 3072K, reserved 1048576K

